*** Installation started 2015/03/09 17:20 ***
Source: C:\Users\Zachary\Downloads\Skype4Py-1.0.32.0.win32.exe
999 Root Key: HKEY_CURRENT_USER
040 Reg DB Value: [Software\Microsoft\Windows\CurrentVersion\Uninstall\Skype4Py-py2.7]DisplayName=Python 2.7 Skype4Py-1.0.32.0
040 Reg DB Value: [Software\Microsoft\Windows\CurrentVersion\Uninstall\Skype4Py-py2.7]UninstallString="C:\Python27\RemoveSkype4Py.exe" -u "C:\Python27\Skype4Py-wininst.log"
200 File Copy: C:\Python27\Lib\site-packages\Skype4Py-1.0.32.0-py2.6.egg-info
100 Made Dir: C:\Python27\Lib\site-packages\Skype4Py
200 File Copy: C:\Python27\Lib\site-packages\Skype4Py\application.py
200 File Copy: C:\Python27\Lib\site-packages\Skype4Py\call.py
200 File Copy: C:\Python27\Lib\site-packages\Skype4Py\callchannel.py
200 File Copy: C:\Python27\Lib\site-packages\Skype4Py\chat.py
200 File Copy: C:\Python27\Lib\site-packages\Skype4Py\client.py
200 File Copy: C:\Python27\Lib\site-packages\Skype4Py\conversion.py
200 File Copy: C:\Python27\Lib\site-packages\Skype4Py\enums.py
200 File Copy: C:\Python27\Lib\site-packages\Skype4Py\errors.py
200 File Copy: C:\Python27\Lib\site-packages\Skype4Py\filetransfer.py
200 File Copy: C:\Python27\Lib\site-packages\Skype4Py\LICENSE
200 File Copy: C:\Python27\Lib\site-packages\Skype4Py\profile.py
200 File Copy: C:\Python27\Lib\site-packages\Skype4Py\settings.py
200 File Copy: C:\Python27\Lib\site-packages\Skype4Py\skype.py
200 File Copy: C:\Python27\Lib\site-packages\Skype4Py\sms.py
200 File Copy: C:\Python27\Lib\site-packages\Skype4Py\user.py
200 File Copy: C:\Python27\Lib\site-packages\Skype4Py\utils.py
200 File Copy: C:\Python27\Lib\site-packages\Skype4Py\voicemail.py
200 File Copy: C:\Python27\Lib\site-packages\Skype4Py\__init__.py
100 Made Dir: C:\Python27\Lib\site-packages\Skype4Py\api
200 File Copy: C:\Python27\Lib\site-packages\Skype4Py\api\windows.py
200 File Copy: C:\Python27\Lib\site-packages\Skype4Py\api\__init__.py
100 Made Dir: C:\Python27\Lib\site-packages\Skype4Py\lang
200 File Copy: C:\Python27\Lib\site-packages\Skype4Py\lang\ar.py
200 File Copy: C:\Python27\Lib\site-packages\Skype4Py\lang\bg.py
200 File Copy: C:\Python27\Lib\site-packages\Skype4Py\lang\cs.py
200 File Copy: C:\Python27\Lib\site-packages\Skype4Py\lang\cz.py
200 File Copy: C:\Python27\Lib\site-packages\Skype4Py\lang\da.py
200 File Copy: C:\Python27\Lib\site-packages\Skype4Py\lang\de.py
200 File Copy: C:\Python27\Lib\site-packages\Skype4Py\lang\el.py
200 File Copy: C:\Python27\Lib\site-packages\Skype4Py\lang\en.py
200 File Copy: C:\Python27\Lib\site-packages\Skype4Py\lang\es.py
200 File Copy: C:\Python27\Lib\site-packages\Skype4Py\lang\et.py
200 File Copy: C:\Python27\Lib\site-packages\Skype4Py\lang\fi.py
200 File Copy: C:\Python27\Lib\site-packages\Skype4Py\lang\fr.py
200 File Copy: C:\Python27\Lib\site-packages\Skype4Py\lang\he.py
200 File Copy: C:\Python27\Lib\site-packages\Skype4Py\lang\hu.py
200 File Copy: C:\Python27\Lib\site-packages\Skype4Py\lang\it.py
200 File Copy: C:\Python27\Lib\site-packages\Skype4Py\lang\ja.py
200 File Copy: C:\Python27\Lib\site-packages\Skype4Py\lang\ko.py
200 File Copy: C:\Python27\Lib\site-packages\Skype4Py\lang\lt.py
200 File Copy: C:\Python27\Lib\site-packages\Skype4Py\lang\lv.py
200 File Copy: C:\Python27\Lib\site-packages\Skype4Py\lang\nl.py
200 File Copy: C:\Python27\Lib\site-packages\Skype4Py\lang\no.py
200 File Copy: C:\Python27\Lib\site-packages\Skype4Py\lang\pl.py
200 File Copy: C:\Python27\Lib\site-packages\Skype4Py\lang\pp.py
200 File Copy: C:\Python27\Lib\site-packages\Skype4Py\lang\pt.py
200 File Copy: C:\Python27\Lib\site-packages\Skype4Py\lang\ro.py
200 File Copy: C:\Python27\Lib\site-packages\Skype4Py\lang\ru.py
200 File Copy: C:\Python27\Lib\site-packages\Skype4Py\lang\sv.py
200 File Copy: C:\Python27\Lib\site-packages\Skype4Py\lang\tr.py
200 File Copy: C:\Python27\Lib\site-packages\Skype4Py\lang\x1.py
200 File Copy: C:\Python27\Lib\site-packages\Skype4Py\lang\__init__.py
200 File Copy: C:\Python27\Lib\site-packages\Skype4Py\lang\__init__.pyc
200 File Copy: C:\Python27\Lib\site-packages\Skype4Py\lang\x1.pyc
200 File Copy: C:\Python27\Lib\site-packages\Skype4Py\lang\tr.pyc
200 File Copy: C:\Python27\Lib\site-packages\Skype4Py\lang\sv.pyc
200 File Copy: C:\Python27\Lib\site-packages\Skype4Py\lang\ru.pyc
200 File Copy: C:\Python27\Lib\site-packages\Skype4Py\lang\ro.pyc
200 File Copy: C:\Python27\Lib\site-packages\Skype4Py\lang\pt.pyc
200 File Copy: C:\Python27\Lib\site-packages\Skype4Py\lang\pp.pyc
200 File Copy: C:\Python27\Lib\site-packages\Skype4Py\lang\pl.pyc
200 File Copy: C:\Python27\Lib\site-packages\Skype4Py\lang\no.pyc
200 File Copy: C:\Python27\Lib\site-packages\Skype4Py\lang\nl.pyc
200 File Copy: C:\Python27\Lib\site-packages\Skype4Py\lang\lv.pyc
200 File Copy: C:\Python27\Lib\site-packages\Skype4Py\lang\lt.pyc
200 File Copy: C:\Python27\Lib\site-packages\Skype4Py\lang\ko.pyc
200 File Copy: C:\Python27\Lib\site-packages\Skype4Py\lang\ja.pyc
200 File Copy: C:\Python27\Lib\site-packages\Skype4Py\lang\it.pyc
200 File Copy: C:\Python27\Lib\site-packages\Skype4Py\lang\hu.pyc
200 File Copy: C:\Python27\Lib\site-packages\Skype4Py\lang\he.pyc
200 File Copy: C:\Python27\Lib\site-packages\Skype4Py\lang\fr.pyc
200 File Copy: C:\Python27\Lib\site-packages\Skype4Py\lang\fi.pyc
200 File Copy: C:\Python27\Lib\site-packages\Skype4Py\lang\et.pyc
200 File Copy: C:\Python27\Lib\site-packages\Skype4Py\lang\es.pyc
200 File Copy: C:\Python27\Lib\site-packages\Skype4Py\lang\en.pyc
200 File Copy: C:\Python27\Lib\site-packages\Skype4Py\lang\el.pyc
200 File Copy: C:\Python27\Lib\site-packages\Skype4Py\lang\de.pyc
200 File Copy: C:\Python27\Lib\site-packages\Skype4Py\lang\da.pyc
200 File Copy: C:\Python27\Lib\site-packages\Skype4Py\lang\cz.pyc
200 File Copy: C:\Python27\Lib\site-packages\Skype4Py\lang\cs.pyc
200 File Copy: C:\Python27\Lib\site-packages\Skype4Py\lang\bg.pyc
200 File Copy: C:\Python27\Lib\site-packages\Skype4Py\lang\ar.pyc
200 File Copy: C:\Python27\Lib\site-packages\Skype4Py\api\__init__.pyc
200 File Copy: C:\Python27\Lib\site-packages\Skype4Py\api\windows.pyc
200 File Copy: C:\Python27\Lib\site-packages\Skype4Py\__init__.pyc
200 File Copy: C:\Python27\Lib\site-packages\Skype4Py\voicemail.pyc
200 File Copy: C:\Python27\Lib\site-packages\Skype4Py\utils.pyc
200 File Copy: C:\Python27\Lib\site-packages\Skype4Py\user.pyc
200 File Copy: C:\Python27\Lib\site-packages\Skype4Py\sms.pyc
200 File Copy: C:\Python27\Lib\site-packages\Skype4Py\skype.pyc
200 File Copy: C:\Python27\Lib\site-packages\Skype4Py\settings.pyc
200 File Copy: C:\Python27\Lib\site-packages\Skype4Py\profile.pyc
200 File Copy: C:\Python27\Lib\site-packages\Skype4Py\filetransfer.pyc
200 File Copy: C:\Python27\Lib\site-packages\Skype4Py\errors.pyc
200 File Copy: C:\Python27\Lib\site-packages\Skype4Py\enums.pyc
200 File Copy: C:\Python27\Lib\site-packages\Skype4Py\conversion.pyc
200 File Copy: C:\Python27\Lib\site-packages\Skype4Py\client.pyc
200 File Copy: C:\Python27\Lib\site-packages\Skype4Py\chat.pyc
200 File Copy: C:\Python27\Lib\site-packages\Skype4Py\callchannel.pyc
200 File Copy: C:\Python27\Lib\site-packages\Skype4Py\call.pyc
200 File Copy: C:\Python27\Lib\site-packages\Skype4Py\application.pyc
200 File Copy: C:\Python27\Lib\site-packages\Skype4Py\lang\__init__.pyo
200 File Copy: C:\Python27\Lib\site-packages\Skype4Py\lang\x1.pyo
200 File Copy: C:\Python27\Lib\site-packages\Skype4Py\lang\tr.pyo
200 File Copy: C:\Python27\Lib\site-packages\Skype4Py\lang\sv.pyo
200 File Copy: C:\Python27\Lib\site-packages\Skype4Py\lang\ru.pyo
200 File Copy: C:\Python27\Lib\site-packages\Skype4Py\lang\ro.pyo
200 File Copy: C:\Python27\Lib\site-packages\Skype4Py\lang\pt.pyo
200 File Copy: C:\Python27\Lib\site-packages\Skype4Py\lang\pp.pyo
200 File Copy: C:\Python27\Lib\site-packages\Skype4Py\lang\pl.pyo
200 File Copy: C:\Python27\Lib\site-packages\Skype4Py\lang\no.pyo
200 File Copy: C:\Python27\Lib\site-packages\Skype4Py\lang\nl.pyo
200 File Copy: C:\Python27\Lib\site-packages\Skype4Py\lang\lv.pyo
200 File Copy: C:\Python27\Lib\site-packages\Skype4Py\lang\lt.pyo
200 File Copy: C:\Python27\Lib\site-packages\Skype4Py\lang\ko.pyo
200 File Copy: C:\Python27\Lib\site-packages\Skype4Py\lang\ja.pyo
200 File Copy: C:\Python27\Lib\site-packages\Skype4Py\lang\it.pyo
200 File Copy: C:\Python27\Lib\site-packages\Skype4Py\lang\hu.pyo
200 File Copy: C:\Python27\Lib\site-packages\Skype4Py\lang\he.pyo
200 File Copy: C:\Python27\Lib\site-packages\Skype4Py\lang\fr.pyo
200 File Copy: C:\Python27\Lib\site-packages\Skype4Py\lang\fi.pyo
200 File Copy: C:\Python27\Lib\site-packages\Skype4Py\lang\et.pyo
200 File Copy: C:\Python27\Lib\site-packages\Skype4Py\lang\es.pyo
200 File Copy: C:\Python27\Lib\site-packages\Skype4Py\lang\en.pyo
200 File Copy: C:\Python27\Lib\site-packages\Skype4Py\lang\el.pyo
200 File Copy: C:\Python27\Lib\site-packages\Skype4Py\lang\de.pyo
200 File Copy: C:\Python27\Lib\site-packages\Skype4Py\lang\da.pyo
200 File Copy: C:\Python27\Lib\site-packages\Skype4Py\lang\cz.pyo
200 File Copy: C:\Python27\Lib\site-packages\Skype4Py\lang\cs.pyo
200 File Copy: C:\Python27\Lib\site-packages\Skype4Py\lang\bg.pyo
200 File Copy: C:\Python27\Lib\site-packages\Skype4Py\lang\ar.pyo
200 File Copy: C:\Python27\Lib\site-packages\Skype4Py\api\__init__.pyo
200 File Copy: C:\Python27\Lib\site-packages\Skype4Py\api\windows.pyo
200 File Copy: C:\Python27\Lib\site-packages\Skype4Py\__init__.pyo
200 File Copy: C:\Python27\Lib\site-packages\Skype4Py\voicemail.pyo
200 File Copy: C:\Python27\Lib\site-packages\Skype4Py\utils.pyo
200 File Copy: C:\Python27\Lib\site-packages\Skype4Py\user.pyo
200 File Copy: C:\Python27\Lib\site-packages\Skype4Py\sms.pyo
200 File Copy: C:\Python27\Lib\site-packages\Skype4Py\skype.pyo
200 File Copy: C:\Python27\Lib\site-packages\Skype4Py\settings.pyo
200 File Copy: C:\Python27\Lib\site-packages\Skype4Py\profile.pyo
200 File Copy: C:\Python27\Lib\site-packages\Skype4Py\filetransfer.pyo
200 File Copy: C:\Python27\Lib\site-packages\Skype4Py\errors.pyo
200 File Copy: C:\Python27\Lib\site-packages\Skype4Py\enums.pyo
200 File Copy: C:\Python27\Lib\site-packages\Skype4Py\conversion.pyo
200 File Copy: C:\Python27\Lib\site-packages\Skype4Py\client.pyo
200 File Copy: C:\Python27\Lib\site-packages\Skype4Py\chat.pyo
200 File Copy: C:\Python27\Lib\site-packages\Skype4Py\callchannel.pyo
200 File Copy: C:\Python27\Lib\site-packages\Skype4Py\call.pyo
200 File Copy: C:\Python27\Lib\site-packages\Skype4Py\application.pyo
